[06/06/2024 09:44:59] Erasing logs older than 15 days
[06/06/2024 09:44:59] Checking modules ...
[06/06/2024 09:44:59] Installing VMware.VimAutomation.Core Module ...
[06/06/2024 09:46:04] Erasing logs older than 15 days
[06/06/2024 09:46:04] Checking modules ...
[06/06/2024 09:46:04] Installing VMware.VimAutomation.Core Module ...
[06/06/2024 09:46:35] Importing VMware.VimAutomation.Core module ...
[06/06/2024 09:46:37] Installing Veeam.Backup.PowerShell Module ...
[06/06/2024 09:46:40] Install-module() : Aucune correspondance trouvée pour les critères de recherche spécifiés et le nom de module Veeam.Backup.PowerShell. Utilisez Get-PSRepository pour afficher pour toutes les repositories de module enregistrées disponibles.
---------------------------------------------------------------------------------------------------------------------------------------------------------------------------------------------------------------------------------------------------------------------
[06/06/2024 09:46:40] Disconnecting all pending ESX sessions ...
[06/06/2024 09:46:40] Disconnecting pending VBR session ...
[06/06/2024 09:46:40] Importing Veeam.Backup.PowerShell module ...
[06/06/2024 09:46:40] Import-Module() : Le module « Veeam.Backup.PowerShell » spécifié n'a pas été chargé, car aucun fichier de module valide n'a été trouvé dans un répertoire de module.
---------------------------------------------------------------------------------------------------------------------------------------------------------------------------------------------------------------------------------------------------------------------
[06/06/2024 09:46:40] Disconnecting all pending ESX sessions ...
[06/06/2024 09:46:40] Disconnecting pending VBR session ...
[06/06/2024 09:46:40] Disconnecting all pending ESX sessions ...
[06/06/2024 09:46:40] Disconnecting pending VBR session ...
[06/06/2024 09:46:40] Connecting to ESX host ESXARC3 ...
[06/06/2024 09:46:42] User : powershell, Server : ESXARC3, Port : 443
[06/06/2024 09:46:42] Connecting to VBR machine ADMINVBR2 ...
[06/06/2024 09:46:42] ERROR: Unable to connect to VBR machine : Le terme « Connect-VBRServer » n'est pas reconnu comme nom d'applet de commande, fonction, fichier de script ou programme exécutable. Vérifiez l'orthographe du nom, ou si un chemin d'accès existe, vérifiez que le chemin d'accès est correct et réessayez.
[06/06/2024 09:46:42] Disconnecting all pending ESX sessions ...
[06/06/2024 09:46:42] Disconnecting pending VBR session ...
[06/06/2024 09:46:42] User : , Server : , Port : 
[06/06/2024 09:46:42] Getting VM list ...
[06/06/2024 09:46:42] Getting VBR Jobs list ...
[06/06/2024 09:46:42] BakchupSessions : 
[06/06/2024 09:46:42] Getting VBR Tasks list ...
[06/06/2024 09:46:42] ERROR: Send-MailMessage(): Le fichier 'C:\Users\mbaptiste\OneDrive - ARCANES\Documents\OWNCLOUD\_Scripts\veeam\GetVMBackup2.csv' est introuvable.
[06/06/2024 09:46:42] Disconnecting all pending ESX sessions ...
[06/06/2024 09:46:42] Disconnecting pending VBR session ...
[06/06/2024 09:46:43] End of GetVMBackup.ps1 script
-----------------------------------------------------------------------------------------------------------------------------------------------------------------------------------------------------------------------------------------------------------------------------------------------------------------------------
